<?xml version="1.0" encoding="UTF-8"?>
<testng-results skipped="0" failed="0" ignored="0" total="2" passed="2">
  <reporter-output>
  </reporter-output>
  <suite name="Command line suite" duration-ms="8533" started-at="2018-03-21T18:44:10Z" finished-at="2018-03-21T18:44:18Z">
    <groups>
    </groups>
    <test name="Command line test" duration-ms="8533" started-at="2018-03-21T18:44:10Z" finished-at="2018-03-21T18:44:18Z">
      <class name="com.testCases.Test1">
        <test-method status="PASS" signature="test1()[pri:0, instance:com.testCases.Test1@531be3c5]" name="test1" duration-ms="1" started-at="2018-03-21T11:44:18Z" finished-at="2018-03-21T11:44:18Z">
          <reporter-output>
          </reporter-output>
        </test-method> <!-- test1 -->
      </class> <!-- com.testCases.Test1 -->
      <class name="com.testCases.OwnersHomePageTest">
        <test-method status="PASS" signature="setUp()[pri:0, instance:com.testCases.OwnersHomePageTest@3551a94]" name="setUp" is-config="true" duration-ms="7843" started-at="2018-03-21T11:44:10Z" finished-at="2018-03-21T11:44:18Z">
          <reporter-output>
          </reporter-output>
        </test-method> <!-- setUp -->
        <test-method status="PASS" signature="globalLogoTest()[pri:0, instance:com.testCases.OwnersHomePageTest@3551a94]" name="globalLogoTest" duration-ms="50" started-at="2018-03-21T11:44:18Z" finished-at="2018-03-21T11:44:18Z">
          <reporter-output>
          </reporter-output>
        </test-method> <!-- globalLogoTest -->
        <test-method status="PASS" signature="tearDown()[pri:0, instance:com.testCases.OwnersHomePageTest@3551a94]" name="tearDown" is-config="true" duration-ms="608" started-at="2018-03-21T11:44:18Z" finished-at="2018-03-21T11:44:18Z">
          <reporter-output>
          </reporter-output>
        </test-method> <!-- tearDown -->
      </class> <!-- com.testCases.OwnersHomePageTest -->
    </test> <!-- Command line test -->
  </suite> <!-- Command line suite -->
</testng-results>
