<?xml version="1.0" encoding="UTF-8"?>
<!-- Generated by org.testng.reporters.JUnitXMLReporter -->
<testsuite hostname="LAPTOP-69PURTCF" ignored="0" name="Genesis Owners Portal Test Cases" tests="4" failures="0" timestamp="21 Mar 2018 21:37:42 GMT" time="29.505" errors="0">
  <testcase name="globalLogoTest" time="0.065" classname="com.testCases.OwnersHomePageTest"/>
  <testcase name="globalFooterTest" time="0.067" classname="com.testCases.OwnersHomePageTest"/>
  <testcase name="titleTest" time="0.026" classname="com.testCases.OwnersHomePageTest"/>
  <testcase name="searchboxPresentTest" time="0.042" classname="com.testCases.OwnersHomePageTest"/>
</testsuite> <!-- Genesis Owners Portal Test Cases -->
